Command: /home/users/hiva/CS217-Final-Project/fpga/hls/PECore/./Catapult/PECore.v1/scverify/concat_sim_PECore_v_vcs/sc_mainpwr -systemcrun -verilogrun -cm assert -ucli -ucli2Proc -i ./Catapult/PECore.v1/scverify/concat_sim_PECore_v_vcs/scverify_vcs_wave.tcl -l ./Catapult/PECore.v1/scverify/concat_sim_PECore_v_vcs/sim.log
Chronologic VCS simulator copyright 1991-2023
Contains Synopsys proprietary information.
Compiler version U-2023.03_Full64; Runtime version U-2023.03_Full64;  Mar 18 22:53 2026
Connections Clock: tb.clk Period: 1 ns
ucli% # Source static function file
ucli% global env
ucli% # Source the common TCL file (that also reads the wave database file)
ucli% source $env(MGC_HOME)/pkgs/sif/userware/En_na/flows/vcs_funcs.tcl
ucli% read_ccs_wave ./Catapult/PECore.v1/scverify/ccs_wave_signals.dat
Reading SCVerify waveform database './Catapult/PECore.v1/scverify/ccs_wave_signals.dat'
ucli% setup_vcd_file ./Catapult/PECore.v1/.dut_inst_info.tcl
DUT Instance Path = sc_main.tb.dut.ccs_rtl.dut_inst
Preparing to write FSDB file ./default.fsdb...
ucli% populate_wave_window
ucli% if { ("0" != {}) && [file exists "0"] } {
   source "0"
}
ucli% # If not running in GUI mode, run the entire simulation
ucli% if { ![gui_is_active] } {
   do_simulation_run
}
Running up to VCD start time: '0 ns'
run 0 ns
sysc_skeleton.v, 390 : (*vcs_systemc_2,vcs_systemc_skel*) module sc_main;
Turning FSDB on
*Verdi* Loading libsscore_vcs202303.so
*Verdi* : Loading SystemC dumping library libsscore_vcs202303_sc233_gcc920.so.
*Verdi* : Env. FSDB_VCS_RD_SC_VALPTR_PROTECT=1(1) was set.
FSDB Dumper for VCS, Release Verdi_V-2023.12-SP2-4, Linux x86_64/64bit, 11/18/2024
(C) 1996 - 2024 by Synopsys, Inc.
*Verdi* : Create FSDB file './default.fsdb'
*Verdi* : Begin traversing the scopes, layer (0).
*Verdi* : End of traversing.
fsdbDumpvars 0 sc_main.tb.dut.ccs_rtl.dut_inst
*Verdi* : Begin traversing the scope (sc_main.tb.dut.ccs_rtl.dut_inst), layer (0).
*Verdi* : End of traversing.
*Verdi* : fsdbDumpon - All FSDB files at 0 ps.
Continuing to VCD end time: 'end'
run -all
@2 ns Asserting reset
@4 ns De-Asserting reset
ActPort Computed value = 1205 and expected value = 18744
ActPort Computed value = 87193 and expected value = 23306
ActPort Computed value = 22745 and expected value = 14304
ActPort Computed value = -1822 and expected value = 17704
ActPort Computed value = 2381 and expected value = 10906
ActPort Computed value = 10395 and expected value = 21127
ActPort Computed value = 1757 and expected value = 13729
ActPort Computed value = 11624 and expected value = 18417
ActPort Computed value = 282 and expected value = 20347
ActPort Computed value = 11716 and expected value = 18523
ActPort Computed value = 46331 and expected value = 19444
ActPort Computed value = -3333 and expected value = 13179
ActPort Computed value = 25985 and expected value = 18419
ActPort Computed value = 2240 and expected value = 18746
ActPort Computed value = -94059 and expected value = 15181
ActPort Computed value = 367 and expected value = 16450
Dest: Difference observed in compute Act and expected value 133.466%
TESTBENCH PASS
"concat_sim_PECore.v", 7107: sc_main.tb.dut.ccs_rtl.dut_inst.PECore_PECoreRun_inst.PECore_PECoreRun_mem_array_h_ln146_assert_bank_sel_lt_NumBanks_and_bankindexoutofbounds_3: Antecedent of the implication never satisfied.
"concat_sim_PECore.v", 7113: sc_main.tb.dut.ccs_rtl.dut_inst.PECore_PECoreRun_inst.PECore_PECoreRun_mem_array_h_ln147_assert_idx_lt_NumEntriesPerBank_and_localindexoutofbounds_3: Antecedent of the implication never satisfied.
"concat_sim_PECore.v", 7118: sc_main.tb.dut.ccs_rtl.dut_inst.PECore_PECoreRun_inst.PECore_PECoreRun_ArbitratedScratchpadDP_h_ln196_assert_bankread_req_validOS_bank_CS_eq_false_and_Bankreadandwritevalidcannotbetruesimultaneouslyforsingle_m_portRAM_3: Antecedent of the implication never satisfied.
Simulation complete, time is 392000 ps.
sysc_skeleton.v, 390 : (*vcs_systemc_2,vcs_systemc_skel*) module sc_main;
Turning FSDB off and flushing
*Verdi* : Close all FSDB Files at 392,000 ps.
Completed writing FSDB file ./default.fsdb...
           V C S   S i m u l a t i o n   R e p o r t 
Time: 392000 ps
CPU Time:      0.460 seconds;       Data structure size:   8.4Mb
Wed Mar 18 22:53:52 2026
